Release 7.1.04i - xst H.42
Copyright (c) 1995-2005 Xilinx, Inc.  All rights reserved.
--> Parameter TMPDIR set to __projnav
CPU : 0.00 / 0.33 s | Elapsed : 0.00 / 0.00 s
 
--> Parameter xsthdpdir set to ./xst
CPU : 0.00 / 0.33 s | Elapsed : 0.00 / 0.00 s
 
--> Reading design: convergence_check.prj

TABLE OF CONTENTS
  1) Synthesis Options Summary
  2) HDL Compilation
  3) HDL Analysis
  4) HDL Synthesis
  5) Advanced HDL Synthesis
     5.1) HDL Synthesis Report
  6) Low Level Synthesis
  7) Final Report
     7.1) Device utilization summary
     7.2) TIMING REPORT


=========================================================================
*                      Synthesis Options Summary                        *
=========================================================================
---- Source Parameters
Input File Name                    : "convergence_check.prj"
Input Format                       : mixed
Ignore Synthesis Constraint File   : NO

---- Target Parameters
Output File Name                   : "convergence_check"
Output Format                      : NGC
Target Device                      : xc2v250-6-cs144

---- Source Options
Top Module Name                    : convergence_check
Automatic FSM Extraction           : YES
FSM Encoding Algorithm             : Auto
FSM Style                          : lut
RAM Extraction                     : Yes
RAM Style                          : Auto
ROM Extraction                     : Yes
ROM Style                          : Auto
Mux Extraction                     : YES
Mux Style                          : Auto
Decoder Extraction                 : YES
Priority Encoder Extraction        : YES
Shift Register Extraction          : YES
Logical Shifter Extraction         : YES
XOR Collapsing                     : YES
Resource Sharing                   : YES
Multiplier Style                   : auto
Automatic Register Balancing       : No

---- Target Options
Add IO Buffers                     : YES
Global Maximum Fanout              : 500
Add Generic Clock Buffer(BUFG)     : 16
Register Duplication               : YES
Equivalent register Removal        : YES
Slice Packing                      : YES
Pack IO Registers into IOBs        : auto

---- General Options
Optimization Goal                  : Speed
Optimization Effort                : 1
Keep Hierarchy                     : NO
Global Optimization                : AllClockNets
RTL Output                         : Yes
Write Timing Constraints           : NO
Hierarchy Separator                : _
Bus Delimiter                      : <>
Case Specifier                     : maintain
Slice Utilization Ratio            : 100
Slice Utilization Ratio Delta      : 5

---- Other Options
lso                                : convergence_check.lso
Read Cores                         : YES
cross_clock_analysis               : NO
verilog2001                        : YES
safe_implementation                : No
Optimize Instantiated Primitives   : NO
tristate2logic                     : Yes
use_clock_enable                   : Yes
use_sync_set                       : Yes
use_sync_reset                     : Yes
enable_auto_floorplanning          : No

=========================================================================


=========================================================================
*                          HDL Compilation                              *
=========================================================================
Compiling vhdl file "C:/Xilinx/bin/ArithmeticDecoder/CONVERGENCE_CHECK.vhd" in Library work.
Architecture rtl of Entity convergence_check is up to date.

=========================================================================
*                            HDL Analysis                               *
=========================================================================
Analyzing Entity <convergence_check> (Architecture <rtl>).
Entity <convergence_check> analyzed. Unit <convergence_check> generated.


=========================================================================
*                           HDL Synthesis                               *
=========================================================================

Synthesizing Unit <convergence_check>.
    Related source file is "C:/Xilinx/bin/ArithmeticDecoder/CONVERGENCE_CHECK.vhd".
Unit <convergence_check> synthesized.


=========================================================================
*                       Advanced HDL Synthesis                          *
=========================================================================

Advanced RAM inference ...
Advanced multiplier inference ...
Advanced Registered AddSub inference ...
Dynamic shift register inference ...

=========================================================================
HDL Synthesis Report

Found no macro
=========================================================================

=========================================================================
*                         Low Level Synthesis                           *
=========================================================================

Optimizing unit <convergence_check> ...
Loading device for application Rf_Device from file '2v250.nph' in environment C:/Xilinx.

Mapping all equations...
Building and optimizing final netlist ...
Found area constraint ratio of 100 (+ 5) on block convergence_check, actual ratio is 0.

=========================================================================
*                            Final Report                               *
=========================================================================
Final Results
RTL Top Level Output File Name     : convergence_check.ngr
Top Level Output File Name         : convergence_check
Output Format                      : NGC
Optimization Goal                  : Speed
Keep Hierarchy                     : NO

Design Statistics
# IOs                              : 7

Cell Usage :
# BELS                             : 3
#      LUT2                        : 1
#      LUT3                        : 1
#      LUT4                        : 1
# IO Buffers                       : 7
#      IBUF                        : 5
#      OBUF                        : 2
=========================================================================

Device utilization summary:
---------------------------

Selected Device : 2v250cs144-6 

 Number of Slices:                       2  out of   1536     0%  
 Number of 4 input LUTs:                 3  out of   3072     0%  
 Number of bonded IOBs:                  7  out of     92     7%  


=========================================================================
TIMING REPORT

NOTE: THESE TIMING NUMBERS ARE ONLY A SYNTHESIS ESTIMATE.
      FOR ACCURATE TIMING INFORMATION PLEASE REFER TO THE TRACE REPORT
      GENERATED AFTER PLACE-and-ROUTE.

Clock Information:
------------------
No clock signals found in this design

Timing Summary:
---------------
Speed Grade: -6

   Minimum period: No path found
   Minimum input arrival time before clock: No path found
   Maximum output required time after clock: No path found
   Maximum combinational path delay: 6.703ns

Timing Detail:
--------------
All values displayed in nanoseconds (ns)

=========================================================================
Timing constraint: Default path analysis
  Total number of paths / destination ports: 8 / 2
-------------------------------------------------------------------------
Delay:               6.703ns (Levels of Logic = 4)
  Source:            LOW_MSB (PAD)
  Destination:       TRIGGER_FOLLOW (PAD)

  Data Path: LOW_MSB to TRIGGER_FOLLOW
                                Gate     Net
    Cell:in->out      fanout   Delay   Delay  Logical Name (Net Name)
    ----------------------------------------  ------------
     IBUF:I->O             2   0.653   0.684  LOW_MSB_IBUF (LOW_MSB_IBUF)
     LUT4:I1->O            1   0.347   0.548  TRIGGER_FOLLOW1 (N1)
     LUT2:I1->O            1   0.347   0.383  TRIGGER_FOLLOW2 (TRIGGER_FOLLOW_OBUF)
     OBUF:I->O                 3.743          TRIGGER_FOLLOW_OBUF (TRIGGER_FOLLOW)
    ----------------------------------------
    Total                      6.703ns (5.090ns logic, 1.614ns route)
                                       (75.9% logic, 24.1% route)

=========================================================================
CPU : 4.06 / 4.42 s | Elapsed : 4.00 / 4.00 s
 
--> 

Total memory usage is 100604 kilobytes

Number of errors   :    0 (   0 filtered)
Number of warnings :    0 (   0 filtered)
Number of infos    :    0 (   0 filtered)

