Release 7.1.04i - xst H.42
Copyright (c) 1995-2005 Xilinx, Inc.  All rights reserved.
--> Parameter TMPDIR set to __projnav
CPU : 0.00 / 2.34 s | Elapsed : 0.00 / 2.00 s
 
--> Parameter xsthdpdir set to ./xst
CPU : 0.00 / 2.34 s | Elapsed : 0.00 / 2.00 s
 
--> Reading design: arithmeticdecoder.prj

TABLE OF CONTENTS
  1) Synthesis Options Summary
  2) HDL Compilation
  3) HDL Analysis
  4) HDL Synthesis
  5) Advanced HDL Synthesis
     5.1) HDL Synthesis Report
  6) Low Level Synthesis
  7) Final Report
     7.1) Device utilization summary
     7.2) TIMING REPORT


=========================================================================
*                      Synthesis Options Summary                        *
=========================================================================
---- Source Parameters
Input File Name                    : "arithmeticdecoder.prj"
Input Format                       : mixed
Ignore Synthesis Constraint File   : NO

---- Target Parameters
Output File Name                   : "arithmeticdecoder"
Output Format                      : NGC
Target Device                      : xc2v250-6-cs144

---- Source Options
Top Module Name                    : arithmeticdecoder
Automatic FSM Extraction           : YES
FSM Encoding Algorithm             : Auto
FSM Style                          : lut
RAM Extraction                     : Yes
RAM Style                          : Auto
ROM Extraction                     : Yes
ROM Style                          : Auto
Mux Extraction                     : YES
Mux Style                          : Auto
Decoder Extraction                 : YES
Priority Encoder Extraction        : YES
Shift Register Extraction          : YES
Logical Shifter Extraction         : YES
XOR Collapsing                     : YES
Resource Sharing                   : YES
Multiplier Style                   : auto
Automatic Register Balancing       : No

---- Target Options
Add IO Buffers                     : YES
Global Maximum Fanout              : 500
Add Generic Clock Buffer(BUFG)     : 16
Register Duplication               : YES
Equivalent register Removal        : YES
Slice Packing                      : YES
Pack IO Registers into IOBs        : auto

---- General Options
Optimization Goal                  : Speed
Optimization Effort                : 1
Keep Hierarchy                     : NO
Global Optimization                : AllClockNets
RTL Output                         : Yes
Write Timing Constraints           : NO
Hierarchy Separator                : _
Bus Delimiter                      : <>
Case Specifier                     : maintain
Slice Utilization Ratio            : 100
Slice Utilization Ratio Delta      : 5

---- Other Options
lso                                : arithmeticdecoder.lso
Read Cores                         : YES
cross_clock_analysis               : NO
verilog2001                        : YES
safe_implementation                : No
Optimize Instantiated Primitives   : NO
tristate2logic                     : Yes
use_clock_enable                   : Yes
use_sync_set                       : Yes
use_sync_reset                     : Yes
enable_auto_floorplanning          : No

=========================================================================


=========================================================================
*                          HDL Compilation                              *
=========================================================================
Compiling vhdl file "C:/Xilinx/bin/ArithmeticDecoder/../ArithmeticCoder/Divider.vhd" in Library work.
Architecture rtl of Entity divider is up to date.
Compiling vhdl file "C:/Xilinx/bin/ArithmeticDecoder/../ArithmeticCoder/UPDATER.vhd" in Library work.
Architecture rtl of Entity updater is up to date.
Compiling vhdl file "C:/Xilinx/bin/ArithmeticDecoder/HALVING_MANAGER.vhd" in Library work.
Architecture rtl of Entity halving_manager is up to date.
Compiling vhdl file "C:/Xilinx/bin/ArithmeticDecoder/../ArithmeticCoder/FIFO.vhd" in Library work.
Architecture rtl of Entity fifo is up to date.
Compiling vhdl file "C:/Xilinx/bin/ArithmeticDecoder/../ArithmeticCoder/INPUT_CONTROL.vhd" in Library work.
Architecture rtl of Entity input_control is up to date.
Compiling vhdl file "C:/Xilinx/bin/ArithmeticDecoder/../ArithmeticCoder/CONTEXT_MANAGER.vhd" in Library work.
Architecture rtl of Entity context_manager is up to date.
Compiling vhdl file "C:/Xilinx/bin/ArithmeticDecoder/STORAGE_REGISTER.vhd" in Library work.
Entity <storage_register> compiled.
Entity <storage_register> (Architecture <rtl>) compiled.
Compiling vhdl file "C:/Xilinx/bin/ArithmeticDecoder/../ArithmeticCoder/ARITHMETIC_UNIT.vhd" in Library work.
Architecture rtl of Entity arithmetic_unit is up to date.
Compiling vhdl file "C:/Xilinx/bin/ArithmeticDecoder/CONVERGENCE_CHECK.vhd" in Library work.
Architecture rtl of Entity convergence_check is up to date.
Compiling vhdl file "C:/Xilinx/bin/ArithmeticDecoder/SYMBOL_DETECTOR.vhd" in Library work.
Architecture rtl of Entity symbol_detector is up to date.
Compiling vhdl file "C:/Xilinx/bin/ArithmeticDecoder/ARITHMETICDECODER.vhd" in Library work.
Entity <arithmeticdecoder> compiled.
Entity <arithmeticdecoder> (Architecture <rtl>) compiled.

=========================================================================
*                            HDL Analysis                               *
=========================================================================
Analyzing Entity <arithmeticdecoder> (Architecture <rtl>).
Entity <arithmeticdecoder> analyzed. Unit <arithmeticdecoder> generated.

Analyzing generic Entity <INPUT_CONTROL> (Architecture <rtl>).
	WIDTH = 1
Entity <INPUT_CONTROL> analyzed. Unit <INPUT_CONTROL> generated.

Analyzing generic Entity <FIFO> (Architecture <rtl>).
	RANK = 8
	WIDTH = 1
Entity <FIFO> analyzed. Unit <FIFO> generated.

Analyzing Entity <CONTEXT_MANAGER> (Architecture <rtl>).
WARNING:Xst:790 - "C:/Xilinx/bin/ArithmeticDecoder/../ArithmeticCoder/CONTEXT_MANAGER.vhd" line 133: Index value(s) does not match array range, simulation mismatch.
WARNING:Xst:790 - "C:/Xilinx/bin/ArithmeticDecoder/../ArithmeticCoder/CONTEXT_MANAGER.vhd" line 137: Index value(s) does not match array range, simulation mismatch.
Entity <CONTEXT_MANAGER> analyzed. Unit <CONTEXT_MANAGER> generated.

Analyzing Entity <DIVIDER> (Architecture <rtl>).
WARNING:Xst:790 - "C:/Xilinx/bin/ArithmeticDecoder/../ArithmeticCoder/Divider.vhd" line 1079: Index value(s) does not match array range, simulation mismatch.
Entity <DIVIDER> analyzed. Unit <DIVIDER> generated.

Analyzing Entity <UPDATER> (Architecture <rtl>).
Entity <UPDATER> analyzed. Unit <UPDATER> generated.

Analyzing Entity <HALVING_MANAGER> (Architecture <rtl>).
WARNING:Xst:790 - "C:/Xilinx/bin/ArithmeticDecoder/HALVING_MANAGER.vhd" line 71: Index value(s) does not match array range, simulation mismatch.
WARNING:Xst:790 - "C:/Xilinx/bin/ArithmeticDecoder/HALVING_MANAGER.vhd" line 71: Index value(s) does not match array range, simulation mismatch.
WARNING:Xst:790 - "C:/Xilinx/bin/ArithmeticDecoder/HALVING_MANAGER.vhd" line 73: Index value(s) does not match array range, simulation mismatch.
WARNING:Xst:790 - "C:/Xilinx/bin/ArithmeticDecoder/HALVING_MANAGER.vhd" line 108: Index value(s) does not match array range, simulation mismatch.
Entity <HALVING_MANAGER> analyzed. Unit <HALVING_MANAGER> generated.

Analyzing Entity <STORAGE_REGISTER> (Architecture <rtl>).
Entity <STORAGE_REGISTER> analyzed. Unit <STORAGE_REGISTER> generated.

Analyzing Entity <ARITHMETIC_UNIT> (Architecture <rtl>).
Entity <ARITHMETIC_UNIT> analyzed. Unit <ARITHMETIC_UNIT> generated.

Analyzing Entity <CONVERGENCE_CHECK> (Architecture <rtl>).
Entity <CONVERGENCE_CHECK> analyzed. Unit <CONVERGENCE_CHECK> generated.

Analyzing Entity <SYMBOL_DETECTOR> (Architecture <rtl>).
Entity <SYMBOL_DETECTOR> analyzed. Unit <SYMBOL_DETECTOR> generated.


=========================================================================
*                           HDL Synthesis                               *
=========================================================================

Synthesizing Unit <HALVING_MANAGER>.
    Related source file is "C:/Xilinx/bin/ArithmeticDecoder/HALVING_MANAGER.vhd".
    Found 3-bit 46-to-1 multiplexer for signal <$n0002> created at line 108.
    Found 3-bit 4-to-1 multiplexer for signal <$n0050>.
    Found 3-bit 4-to-1 multiplexer for signal <$n0051>.
    Found 3-bit 4-to-1 multiplexer for signal <$n0052>.
    Found 3-bit 4-to-1 multiplexer for signal <$n0053>.
    Found 3-bit 4-to-1 multiplexer for signal <$n0054>.
    Found 3-bit 4-to-1 multiplexer for signal <$n0055>.
    Found 3-bit 4-to-1 multiplexer for signal <$n0056>.
    Found 3-bit 4-to-1 multiplexer for signal <$n0057>.
    Found 3-bit 4-to-1 multiplexer for signal <$n0058>.
    Found 3-bit 4-to-1 multiplexer for signal <$n0059>.
    Found 3-bit 4-to-1 multiplexer for signal <$n0060>.
    Found 3-bit 4-to-1 multiplexer for signal <$n0061>.
    Found 3-bit 4-to-1 multiplexer for signal <$n0062>.
    Found 3-bit 4-to-1 multiplexer for signal <$n0063>.
    Found 3-bit 4-to-1 multiplexer for signal <$n0064>.
    Found 3-bit 4-to-1 multiplexer for signal <$n0065>.
    Found 3-bit 4-to-1 multiplexer for signal <$n0066>.
    Found 3-bit 4-to-1 multiplexer for signal <$n0067>.
    Found 3-bit 4-to-1 multiplexer for signal <$n0068>.
    Found 3-bit 4-to-1 multiplexer for signal <$n0069>.
    Found 3-bit 4-to-1 multiplexer for signal <$n0070>.
    Found 3-bit 4-to-1 multiplexer for signal <$n0071>.
    Found 3-bit 4-to-1 multiplexer for signal <$n0072>.
    Found 3-bit 4-to-1 multiplexer for signal <$n0073>.
    Found 3-bit 4-to-1 multiplexer for signal <$n0074>.
    Found 3-bit 4-to-1 multiplexer for signal <$n0075>.
    Found 3-bit 4-to-1 multiplexer for signal <$n0076>.
    Found 3-bit 4-to-1 multiplexer for signal <$n0077>.
    Found 3-bit 4-to-1 multiplexer for signal <$n0078>.
    Found 3-bit 4-to-1 multiplexer for signal <$n0079>.
    Found 3-bit 4-to-1 multiplexer for signal <$n0080>.
    Found 3-bit 4-to-1 multiplexer for signal <$n0081>.
    Found 3-bit 4-to-1 multiplexer for signal <$n0082>.
    Found 3-bit 4-to-1 multiplexer for signal <$n0084>.
    Found 3-bit 4-to-1 multiplexer for signal <$n0085>.
    Found 3-bit 4-to-1 multiplexer for signal <$n0087>.
    Found 3-bit 4-to-1 multiplexer for signal <$n0088>.
    Found 3-bit 4-to-1 multiplexer for signal <$n0089>.
    Found 3-bit 4-to-1 multiplexer for signal <$n0090>.
    Found 3-bit 4-to-1 multiplexer for signal <$n0091>.
    Found 3-bit 4-to-1 multiplexer for signal <$n0092>.
    Found 3-bit 4-to-1 multiplexer for signal <$n0093>.
    Found 3-bit 4-to-1 multiplexer for signal <$n0094>.
    Found 3-bit 4-to-1 multiplexer for signal <$n0095>.
    Found 3-bit 4-to-1 multiplexer for signal <$n0096>.
    Found 3-bit 4-to-1 multiplexer for signal <$n0097>.
    Found 3-bit addsub for signal <$n0098>.
    Found 3-bit addsub for signal <$n0100>.
    Found 3-bit addsub for signal <$n0101>.
    Found 3-bit addsub for signal <$n0102>.
    Found 3-bit addsub for signal <$n0103>.
    Found 3-bit addsub for signal <$n0104>.
    Found 3-bit addsub for signal <$n0105>.
    Found 3-bit addsub for signal <$n0106>.
    Found 3-bit addsub for signal <$n0107>.
    Found 3-bit addsub for signal <$n0108>.
    Found 3-bit addsub for signal <$n0109>.
    Found 3-bit addsub for signal <$n0110>.
    Found 3-bit addsub for signal <$n0111>.
    Found 3-bit addsub for signal <$n0112>.
    Found 3-bit addsub for signal <$n0113>.
    Found 3-bit addsub for signal <$n0114>.
    Found 3-bit addsub for signal <$n0115>.
    Found 3-bit addsub for signal <$n0116>.
    Found 3-bit addsub for signal <$n0117>.
    Found 3-bit addsub for signal <$n0118>.
    Found 3-bit addsub for signal <$n0119>.
    Found 3-bit addsub for signal <$n0120>.
    Found 3-bit addsub for signal <$n0121>.
    Found 3-bit addsub for signal <$n0122>.
    Found 3-bit addsub for signal <$n0123>.
    Found 3-bit addsub for signal <$n0124>.
    Found 3-bit addsub for signal <$n0125>.
    Found 3-bit addsub for signal <$n0126>.
    Found 3-bit addsub for signal <$n0127>.
    Found 3-bit addsub for signal <$n0128>.
    Found 3-bit addsub for signal <$n0129>.
    Found 3-bit addsub for signal <$n0130>.
    Found 3-bit addsub for signal <$n0131>.
    Found 3-bit addsub for signal <$n0132>.
    Found 3-bit addsub for signal <$n0133>.
    Found 3-bit addsub for signal <$n0134>.
    Found 3-bit addsub for signal <$n0135>.
    Found 3-bit addsub for signal <$n0136>.
    Found 3-bit addsub for signal <$n0137>.
    Found 3-bit addsub for signal <$n0138>.
    Found 3-bit addsub for signal <$n0139>.
    Found 3-bit addsub for signal <$n0140>.
    Found 3-bit addsub for signal <$n0141>.
    Found 3-bit addsub for signal <$n0142>.
    Found 3-bit addsub for signal <$n0143>.
    Found 3-bit addsub for signal <$n0144>.
    Found 10-bit comparator greater for signal <$n0147> created at line 99.
    Found 3-bit comparator greater for signal <$n0241> created at line 108.
    Found 1-bit register for signal <AFTER_TRIGGER>.
    Found 10-bit register for signal <DENOMINATOR>.
    Found 10-bit adder for signal <DENOMINATOR2>.
    Found 10-bit register for signal <NUMERATOR>.
    Found 10-bit adder for signal <NUMERATOR2>.
    Found 138-bit register for signal <SHIFTS>.
    Summary:
	inferred 139 D-type flip-flop(s).
	inferred  48 Adder/Subtractor(s).
	inferred   2 Comparator(s).
	inferred 141 Multiplexer(s).
Unit <HALVING_MANAGER> synthesized.


Synthesizing Unit <UPDATER>.
    Related source file is "C:/Xilinx/bin/ArithmeticDecoder/../ArithmeticCoder/UPDATER.vhd".
WARNING:Xst:1780 - Signal <HALVING_ALLOWED> is never used or assigned.
    Found 1-bit register for signal <UPDATE>.
    Found 10-bit 4-to-1 multiplexer for signal <DENOMINATOR_OUT>.
    Found 10-bit 4-to-1 multiplexer for signal <NUMERATOR_OUT>.
    Found 10-bit adder for signal <$n0009> created at line 51.
    Found 10-bit adder for signal <$n0011> created at line 73.
    Found 10-bit adder for signal <$n0012> created at line 84.
    Found 10-bit adder for signal <$n0013> created at line 62.
    Found 10-bit register for signal <DENOMINATOR2>.
    Found 10-bit register for signal <NUMERATOR1>.
    Found 10-bit register for signal <NUMERATOR2>.
    Found 10-bit register for signal <NUMERATOR3>.
    Found 10-bit register for signal <NUMERATOR4>.
    Found 1-bit xor2 for signal <UPDATE_SWITCH>.
    Summary:
	inferred   1 D-type flip-flop(s).
	inferred   4 Adder/Subtractor(s).
	inferred  20 Multiplexer(s).
Unit <UPDATER> synthesized.


Synthesizing Unit <DIVIDER>.
    Related source file is "C:/Xilinx/bin/ArithmeticDecoder/../ArithmeticCoder/Divider.vhd".
WARNING:Xst:646 - Signal <TOTAL<41:32>> is assigned but never used.
WARNING:Xst:646 - Signal <TOTAL<21:0>> is assigned but never used.
    Found 1022x32-bit ROM for signal <$n0002> created at line 1079.
    Found 16x10-bit multiplier for signal <$n0003> created at line 1086.
    Found 16x10-bit multiplier for signal <$n0004> created at line 1093.
    Found 10-bit subtractor for signal <INDEX>.
    Found 10-bit register for signal <NUMERATOR2>.
    Found 26-bit register for signal <PRODUCT1>.
    Found 26-bit register for signal <PRODUCT2>.
    Found 32-bit register for signal <RECIPROCAL>.
    Found 42-bit adder for signal <TOTAL>.
    Summary:
	inferred   1 ROM(s).
	inferred  84 D-type flip-flop(s).
	inferred   2 Adder/Subtractor(s).
	inferred   2 Multiplier(s).
Unit <DIVIDER> synthesized.


Synthesizing Unit <FIFO>.
    Related source file is "C:/Xilinx/bin/ArithmeticDecoder/../ArithmeticCoder/FIFO.vhd".
    Found 256x1-bit dual-port distributed RAM for signal <GET_OUTPUT>.
    -----------------------------------------------------------------------
    | aspect ratio       | 256-word x 1-bit                    |          |
    | clock              | connected to signal <CLOCK>         | rise     |
    | write enable       | connected to signal <WRITE_ENABLE>  | high     |
    | address            | connected to signal <WRITE_ADDRESS> |          |
    | dual address       | connected to signal <READ_ADDRESS>  |          |
    | data in            | connected to signal <DATA_IN>       |          |
    | data out           | not connected                       |          |
    | dual data out      | connected to signal <DATA_OUT>      |          |
    | ram_style          | Auto                                |          |
    -----------------------------------------------------------------------
INFO:Xst:1442 - HDL ADVISOR - The RAM contents appears to be read asynchronously. A synchronous read would allow you to take advantage of available block RAM resources, for optimized device usage and improved timings. Please refer to your documentation for coding guidelines.
    Found 8-bit comparator equal for signal <$n0003> created at line 69.
    Found 8-bit up counter for signal <READ_ADDRESS>.
    Found 8-bit up counter for signal <WRITE_ADDRESS>.
    Summary:
	inferred   1 RAM(s).
	inferred   2 Counter(s).
	inferred   1 Comparator(s).
Unit <FIFO> synthesized.


Synthesizing Unit <SYMBOL_DETECTOR>.
    Related source file is "C:/Xilinx/bin/ArithmeticDecoder/SYMBOL_DETECTOR.vhd".
    Found 16-bit comparator greatequal for signal <$n0001> created at line 23.
    Summary:
	inferred   1 Comparator(s).
Unit <SYMBOL_DETECTOR> synthesized.


Synthesizing Unit <CONVERGENCE_CHECK>.
    Related source file is "C:/Xilinx/bin/ArithmeticDecoder/CONVERGENCE_CHECK.vhd".
Unit <CONVERGENCE_CHECK> synthesized.


Synthesizing Unit <ARITHMETIC_UNIT>.
    Related source file is "C:/Xilinx/bin/ArithmeticDecoder/../ArithmeticCoder/ARITHMETIC_UNIT.vhd".
WARNING:Xst:646 - Signal <PRODUCT<9:0>> is assigned but never used.
WARNING:Xst:646 - Signal <DIFFERENCE3<16>> is assigned but never used.
WARNING:Xst:646 - Signal <DIFFERENCE4<16>> is assigned but never used.
WARNING:Xst:646 - Signal <RESULT0<16>> is assigned but never used.
    Found 17x10-bit multiplier for signal <$n0000> created at line 48.
    Found 1-bit register for signal <DELAY1>.
    Found 17-bit register for signal <DIFFERENCE1>.
    Found 17-bit adder for signal <DIFFERENCE2>.
    Found 17-bit subtractor for signal <DIFFERENCE3>.
    Found 17-bit subtractor for signal <DIFFERENCE4>.
    Found 17-bit register for signal <LOW2>.
    Found 27-bit register for signal <PRODUCT>.
    Found 17-bit adder for signal <RESULT>.
    Found 17-bit subtractor for signal <RESULT0>.
    Summary:
	inferred  62 D-type flip-flop(s).
	inferred   5 Adder/Subtractor(s).
	inferred   1 Multiplier(s).
Unit <ARITHMETIC_UNIT> synthesized.


Synthesizing Unit <STORAGE_REGISTER>.
    Related source file is "C:/Xilinx/bin/ArithmeticDecoder/STORAGE_REGISTER.vhd".
    Found 16-bit 4-to-1 multiplexer for signal <$n0001>.
    Found 16-bit register for signal <Q>.
    Summary:
	inferred  16 D-type flip-flop(s).
	inferred  16 Multiplexer(s).
Unit <STORAGE_REGISTER> synthesized.


Synthesizing Unit <CONTEXT_MANAGER>.
    Related source file is "C:/Xilinx/bin/ArithmeticDecoder/../ArithmeticCoder/CONTEXT_MANAGER.vhd".
    Found 46x20-bit dual-port block RAM for signal <PROBABILITY>.
    -----------------------------------------------------------------------
    | mode               | write-first                         |          |
    | aspect ratio       | 46-word x 20-bit                    |          |
    | clock              | connected to signal <CLOCK>         | rise     |
    | dual clock         | connected to signal <CLOCK>         | rise     |
    | dual enable        | connected to signal <SET>           | high     |
    | write enable       | connected to signal <LOAD_DATA>     | high     |
    | address            | connected to signal <OLD_CONTEXT>   |          |
    | dual address       | connected to signal <CONTEXT_NUMBER> |          |
    | data in            | connected to signal <NEWPROB>       |          |
    | data out           | not connected                       |          |
    | dual data out      | connected to signal <RATIO>         |          |
    | ram_style          | Auto                                |          |
    -----------------------------------------------------------------------
    Found 1-bit 64-to-1 multiplexer for signal <$n0003> created at line 141.
    Found 1-bit register for signal <CONTEXT_VALID>.
    Found 2-bit register for signal <DATA_READY>.
    Found 6-bit register for signal <OLD_CONTEXT>.
    Found 6-bit register for signal <READ_ADDRESS>.
    Found 64-bit register for signal <RESET_FLAGS>.
    Summary:
	inferred   1 RAM(s).
	inferred  79 D-type flip-flop(s).
	inferred   1 Multiplexer(s).
Unit <CONTEXT_MANAGER> synthesized.


Synthesizing Unit <INPUT_CONTROL>.
    Related source file is "C:/Xilinx/bin/ArithmeticDecoder/../ArithmeticCoder/INPUT_CONTROL.vhd".
    Found 1-bit register for signal <HELD<0>>.
    Found 1-bit 4-to-1 multiplexer for signal <OUTPUT<0>>.
    Summary:
	inferred   1 D-type flip-flop(s).
	inferred   1 Multiplexer(s).
Unit <INPUT_CONTROL> synthesized.


Synthesizing Unit <arithmeticdecoder>.
    Related source file is "C:/Xilinx/bin/ArithmeticDecoder/ARITHMETICDECODER.vhd".
WARNING:Xst:646 - Signal <HIGH_VALUE<13:0>> is assigned but never used.
Unit <arithmeticdecoder> synthesized.

INFO:Xst:1767 - HDL ADVISOR - Resource sharing has identified that some arithmetic operations in this design can share the same physical resources for reduced device utilization. For improved clock frequency you may try to disable resource sharing.

=========================================================================
*                       Advanced HDL Synthesis                          *
=========================================================================

Advanced RAM inference ...
INFO:Xst:1647 - Data output of ROM <Mrom__n0002> in block <DIVIDER> is tied to register <RECIPROCAL> in block <DIVIDER>.
INFO:Xst:1650 - The register is removed and the ROM is implemented as read-only block RAM.
Advanced multiplier inference ...
    Found registered multiplier on signal <_n0000>:
	- 1 register level(s) found in a register connected to the multiplier macro ouput.
	  Pushing register(s) into the multiplier macro.
    Found registered multiplier on signal <_n0003>:
	- 1 register level(s) found in a register connected to the multiplier macro ouput.
	  Pushing register(s) into the multiplier macro.
    Found registered multiplier on signal <_n0004>:
	- 1 register level(s) found in a register connected to the multiplier macro ouput.
	  Pushing register(s) into the multiplier macro.
Advanced Registered AddSub inference ...
Dynamic shift register inference ...

=========================================================================
HDL Synthesis Report

Macro Statistics
# Block RAMs                       : 2
 1022x32-bit single-port block RAM : 1
 46x20-bit dual-port block RAM     : 1
# LUT RAMs                         : 1
 256x1-bit dual-port distributed RAM: 1
# Multipliers                      : 3
 16x10-bit registered multiplier   : 2
 17x10-bit registered multiplier   : 1
# Adders/Subtractors               : 59
 10-bit adder                      : 6
 10-bit subtractor                 : 1
 17-bit adder                      : 2
 17-bit subtractor                 : 3
 3-bit addsub                      : 46
 42-bit adder                      : 1
# Counters                         : 2
 8-bit up counter                  : 2
# Registers                        : 133
 1-bit register                    : 71
 10-bit register                   : 8
 16-bit register                   : 4
 17-bit register                   : 2
 3-bit register                    : 46
 6-bit register                    : 2
# Comparators                      : 4
 10-bit comparator greater         : 1
 16-bit comparator greatequal      : 1
 3-bit comparator greater          : 1
 8-bit comparator equal            : 1
# Multiplexers                     : 55
 1-bit 4-to-1 multiplexer          : 1
 1-bit 64-to-1 multiplexer         : 1
 10-bit 4-to-1 multiplexer         : 2
 16-bit 4-to-1 multiplexer         : 4
 3-bit 4-to-1 multiplexer          : 46
 3-bit 46-to-1 multiplexer         : 1
# Xors                             : 1
 1-bit xor2                        : 1

=========================================================================

=========================================================================
*                         Low Level Synthesis                           *
=========================================================================
WARNING:Xst:1710 - FF/Latch  <LOW2_16> (without init value) has a constant value of 0 in block <ARITHMETIC_UNIT>.
WARNING:Xst:1895 - Due to other FF/Latch trimming, FF/Latch  <DIFFERENCE1_16> (without init value) has a constant value of 0 in block <ARITHMETIC_UNIT>.
WARNING:Xst:637 - Naming conflict between signal SHIFT_ALL of unit DIFFERENCE and signal DIFFERENCE_SHIFT_ALL of unit arithmeticdecoder : renaming DIFFERENCE_SHIFT_ALL to DIFFERENCE_SHIFT_ALL1.

Optimizing unit <arithmeticdecoder> ...

Optimizing unit <CONTEXT_MANAGER> ...

Optimizing unit <CONVERGENCE_CHECK> ...

Optimizing unit <INPUT_CONTROL> ...

Optimizing unit <HALVING_MANAGER> ...

Optimizing unit <UPDATER> ...

Optimizing unit <DIVIDER> ...

Optimizing unit <FIFO> ...

Optimizing unit <ARITHMETIC_UNIT> ...
Loading device for application Rf_Device from file '2v250.nph' in environment C:/Xilinx.

Mapping all equations...
Building and optimizing final netlist ...
Register <PROBABILITY_PROBUPDATE_UPDATE> equivalent to <PROBABILITY_DATA_READY_0> has been removed
Register <PROBABILITY_DIVISION_NUMERATOR2_7> equivalent to <PROBABILITY_PROBUPDATE_NUMERATOR1_7> has been removed
Register <PROBABILITY_DIVISION_NUMERATOR2_9> equivalent to <PROBABILITY_PROBUPDATE_NUMERATOR1_9> has been removed
Register <PROBABILITY_DIVISION_NUMERATOR2_8> equivalent to <PROBABILITY_PROBUPDATE_NUMERATOR1_8> has been removed
Register <PROBABILITY_DIVISION_NUMERATOR2_0> equivalent to <PROBABILITY_PROBUPDATE_NUMERATOR1_0> has been removed
Register <PROBABILITY_DIVISION_NUMERATOR2_1> equivalent to <PROBABILITY_PROBUPDATE_NUMERATOR1_1> has been removed
Register <PROBABILITY_DIVISION_NUMERATOR2_2> equivalent to <PROBABILITY_PROBUPDATE_NUMERATOR1_2> has been removed
Register <PROBABILITY_DIVISION_NUMERATOR2_3> equivalent to <PROBABILITY_PROBUPDATE_NUMERATOR1_3> has been removed
Register <PROBABILITY_DIVISION_NUMERATOR2_4> equivalent to <PROBABILITY_PROBUPDATE_NUMERATOR1_4> has been removed
Register <PROBABILITY_DIVISION_NUMERATOR2_5> equivalent to <PROBABILITY_PROBUPDATE_NUMERATOR1_5> has been removed
Register <PROBABILITY_DIVISION_NUMERATOR2_6> equivalent to <PROBABILITY_PROBUPDATE_NUMERATOR1_6> has been removed
Found area constraint ratio of 100 (+ 5) on block arithmeticdecoder, actual ratio is 33.
FlipFlop PROBABILITY_READ_ADDRESS_0 has been replicated 3 time(s)

=========================================================================
*                            Final Report                               *
=========================================================================
Final Results
RTL Top Level Output File Name     : arithmeticdecoder.ngr
Top Level Output File Name         : arithmeticdecoder
Output Format                      : NGC
Optimization Goal                  : Speed
Keep Hierarchy                     : NO

Design Statistics
# IOs                              : 14

Macro Statistics :
# RAM                              : 3
#      1022x32-bit single-port block RAM: 1
#      256x1-bit dual-port distributed RAM: 1
#      46x20-bit dual-port block RAM: 1
# Registers                        : 207
#      1-bit register              : 151
#      16-bit register             : 4
#      17-bit register             : 2
#      3-bit register              : 46
#      6-bit register              : 2
#      8-bit register              : 2
# Multiplexers                     : 55
#      1-bit 4-to-1 multiplexer    : 1
#      1-bit 64-to-1 multiplexer   : 1
#      10-bit 4-to-1 multiplexer   : 2
#      16-bit 4-to-1 multiplexer   : 4
#      3-bit 4-to-1 multiplexer    : 46
#      3-bit 46-to-1 multiplexer   : 1
# Adders/Subtractors               : 15
#      10-bit adder                : 6
#      10-bit subtractor           : 1
#      17-bit adder                : 2
#      17-bit subtractor           : 3
#      42-bit adder                : 1
#      8-bit adder                 : 2
# Multipliers                      : 3
#      16x10-bit registered multiplier: 2
#      17x10-bit registered multiplier: 1
# Comparators                      : 4
#      10-bit comparator greater   : 1
#      16-bit comparator greatequal: 1
#      3-bit comparator greater    : 1
#      8-bit comparator equal      : 1
# Xors                             : 92
#      1-bit xor3                  : 92

Cell Usage :
# BELS                             : 1384
#      GND                         : 1
#      INV                         : 34
#      LUT1                        : 31
#      LUT1_L                      : 28
#      LUT2                        : 40
#      LUT2_D                      : 1
#      LUT2_L                      : 41
#      LUT3                        : 109
#      LUT3_D                      : 4
#      LUT3_L                      : 154
#      LUT4                        : 332
#      LUT4_D                      : 26
#      LUT4_L                      : 72
#      MUXCY                       : 187
#      MUXF5                       : 123
#      MUXF6                       : 23
#      MUXF7                       : 10
#      MUXF8                       : 5
#      VCC                         : 1
#      XORCY                       : 162
# FlipFlops/Latches                : 405
#      FD                          : 6
#      FDE                         : 41
#      FDR                         : 49
#      FDRE                        : 237
#      FDRSE                       : 1
#      FDS                         : 5
#      FDSE                        : 66
# RAMS                             : 7
#      RAM64X1D                    : 4
#      RAMB16_S18                  : 2
#      RAMB16_S36_S36              : 1
# Clock Buffers                    : 1
#      BUFGP                       : 1
# IO Buffers                       : 13
#      IBUF                        : 11
#      OBUF                        : 2
# MULTs                            : 3
#      MULT18X18S                  : 3
=========================================================================

Device utilization summary:
---------------------------

Selected Device : 2v250cs144-6 

 Number of Slices:                     490  out of   1536    31%  
 Number of Slice Flip Flops:           405  out of   3072    13%  
 Number of 4 input LUTs:               854  out of   3072    27%  
 Number of bonded IOBs:                 14  out of     92    15%  
 Number of BRAMs:                        3  out of     24    12%  
 Number of MULT18X18s:                   3  out of     24    12%  
 Number of GCLKs:                        1  out of     16     6%  


=========================================================================
TIMING REPORT

NOTE: THESE TIMING NUMBERS ARE ONLY A SYNTHESIS ESTIMATE.
      FOR ACCURATE TIMING INFORMATION PLEASE REFER TO THE TRACE REPORT
      GENERATED AFTER PLACE-and-ROUTE.

Clock Information:
------------------
-----------------------------------+------------------------+-------+
Clock Signal                       | Clock buffer(FF name)  | Load  |
-----------------------------------+------------------------+-------+
CLOCK                              | BUFGP                  | 413   |
-----------------------------------+------------------------+-------+

Timing Summary:
---------------
Speed Grade: -6

   Minimum period: 9.680ns (Maximum Frequency: 103.303MHz)
   Minimum input arrival time before clock: 10.225ns
   Maximum output required time after clock: 11.576ns
   Maximum combinational path delay: No path found

Timing Detail:
--------------
All values displayed in nanoseconds (ns)

=========================================================================
Timing constraint: Default period analysis for Clock 'CLOCK'
  Clock period: 9.680ns (frequency: 103.303MHz)
  Total number of paths / destination ports: 273761 / 786
-------------------------------------------------------------------------
Delay:               9.680ns (Levels of Logic = 12)
  Source:            PROBABILITY_REFRESH_SHIFTS_0_1 (FF)
  Destination:       PROBABILITY_Mram_PROBABILITY_inst_ramb_0 (RAM)
  Source Clock:      CLOCK rising
  Destination Clock: CLOCK rising

  Data Path: PROBABILITY_REFRESH_SHIFTS_0_1 to PROBABILITY_Mram_PROBABILITY_inst_ramb_0
                                Gate     Net
    Cell:in->out      fanout   Delay   Delay  Logical Name (Net Name)
    ----------------------------------------  ------------
     FDRE:C->Q             5   0.449   0.734  PROBABILITY_REFRESH_SHIFTS_0_1 (PROBABILITY_REFRESH_SHIFTS_0_1)
     LUT3_L:I1->LO         1   0.347   0.000  PROBABILITY_REFRESH_CONTEXT<4>31 (PROBABILITY_REFRESH_MUX_BLOCK_N38)
     MUXF5:I0->O           1   0.345   0.000  PROBABILITY_REFRESH_CONTEXT<1>_rn_14 (PROBABILITY_REFRESH_MUX_BLOCK_CONTEXT<1>_MUXF515)
     MUXF6:I0->O           1   0.354   0.000  PROBABILITY_REFRESH_CONTEXT<0>_rn_9 (PROBABILITY_REFRESH_MUX_BLOCK_CONTEXT<0>_MUXF67)
     MUXF7:I0->O           1   0.354   0.000  PROBABILITY_REFRESH_CONTEXT<2>_rn_3 (PROBABILITY_REFRESH_MUX_BLOCK_CONTEXT<2>_MUXF73)
     MUXF8:I0->O           1   0.354   0.608  PROBABILITY_REFRESH_CONTEXT<3>_rn_0 (PROBABILITY_REFRESH_MUX_BLOCK_CONTEXT<3>_MUXF81)
     LUT3_L:I0->LO         1   0.347   0.000  PROBABILITY_REFRESH__n0241109_F (N961)
     MUXF5:I0->O          15   0.345   0.763  PROBABILITY_REFRESH__n0241109 (PROBABILITY_REFRESH__n0241)
     LUT4_D:I3->O          7   0.347   0.630  PROBABILITY_REFRESH__n0145_1 (PROBABILITY_REFRESH__n01451)
     LUT3:I2->O            1   0.347   0.548  PROBABILITY_REFRESH_DENOMINATOR_OUT<3>1 (PROBABILITY_FRACTION2<3>)
     LUT4:I1->O            1   0.347   0.409  PROBABILITY_PROBUPDATE__n00144 (CHOICE132)
     LUT4:I2->O           20   0.347   0.769  PROBABILITY_PROBUPDATE__n001417 (PROBABILITY_PROBUPDATE_HALVE_VALUES)
     MUXF5:S->O            1   0.553   0.382  PROBABILITY_PROBUPDATE_DENOMINATOR_OUT<0>_DENOMINATOR_OUT<0>_rn_4111 (PROBABILITY_NEWPROB<15>)
     RAMB16_S36_S36:DIA15        0.000          PROBABILITY_Mram_PROBABILITY_inst_ramb_0
    ----------------------------------------
    Total                      9.680ns (4.836ns logic, 4.844ns route)
                                       (50.0% logic, 50.0% route)

=========================================================================
Timing constraint: Default OFFSET IN BEFORE for Clock 'CLOCK'
  Total number of paths / destination ports: 124379 / 894
-------------------------------------------------------------------------
Offset:              10.225ns (Levels of Logic = 13)
  Source:            CONTEXT_SELECT<4> (PAD)
  Destination:       PROBABILITY_Mram_PROBABILITY_inst_ramb_0 (RAM)
  Destination Clock: CLOCK rising

  Data Path: CONTEXT_SELECT<4> to PROBABILITY_Mram_PROBABILITY_inst_ramb_0
                                Gate     Net
    Cell:in->out      fanout   Delay   Delay  Logical Name (Net Name)
    ----------------------------------------  ------------
     IBUF:I->O            56   0.653   1.075  CONTEXT_SELECT_4_IBUF (CONTEXT_SELECT_4_IBUF)
     LUT3_L:I0->LO         1   0.347   0.000  PROBABILITY_REFRESH_CONTEXT<4>19 (PROBABILITY_REFRESH_MUX_BLOCK_N26)
     MUXF5:I0->O           1   0.345   0.000  PROBABILITY_REFRESH_CONTEXT<1>_rn_8 (PROBABILITY_REFRESH_MUX_BLOCK_CONTEXT<1>_MUXF59)
     MUXF6:I0->O           1   0.354   0.000  PROBABILITY_REFRESH_CONTEXT<0>_rn_6 (PROBABILITY_REFRESH_MUX_BLOCK_CONTEXT<0>_MUXF64)
     MUXF7:I1->O           1   0.354   0.000  PROBABILITY_REFRESH_CONTEXT<2>_rn_2 (PROBABILITY_REFRESH_MUX_BLOCK_CONTEXT<2>_MUXF72)
     MUXF8:I1->O           1   0.354   0.608  PROBABILITY_REFRESH_CONTEXT<3>_rn_0 (PROBABILITY_REFRESH_MUX_BLOCK_CONTEXT<3>_MUXF81)
     LUT3_L:I0->LO         1   0.347   0.000  PROBABILITY_REFRESH__n0241109_F (N961)
     MUXF5:I0->O          15   0.345   0.763  PROBABILITY_REFRESH__n0241109 (PROBABILITY_REFRESH__n0241)
     LUT4_D:I3->O          7   0.347   0.630  PROBABILITY_REFRESH__n0145_1 (PROBABILITY_REFRESH__n01451)
     LUT3:I2->O            1   0.347   0.548  PROBABILITY_REFRESH_DENOMINATOR_OUT<3>1 (PROBABILITY_FRACTION2<3>)
     LUT4:I1->O            1   0.347   0.409  PROBABILITY_PROBUPDATE__n00144 (CHOICE132)
     LUT4:I2->O           20   0.347   0.769  PROBABILITY_PROBUPDATE__n001417 (PROBABILITY_PROBUPDATE_HALVE_VALUES)
     MUXF5:S->O            1   0.553   0.382  PROBABILITY_PROBUPDATE_DENOMINATOR_OUT<0>_DENOMINATOR_OUT<0>_rn_4111 (PROBABILITY_NEWPROB<15>)
     RAMB16_S36_S36:DIA15        0.000          PROBABILITY_Mram_PROBABILITY_inst_ramb_0
    ----------------------------------------
    Total                     10.225ns (5.040ns logic, 5.185ns route)
                                       (49.3% logic, 50.7% route)

=========================================================================
Timing constraint: Default OFFSET OUT AFTER for Clock 'CLOCK'
  Total number of paths / destination ports: 426 / 2
-------------------------------------------------------------------------
Offset:              11.576ns (Levels of Logic = 7)
  Source:            ARITH_Mmult__n00001_inst_mult_2 (MULT)
  Destination:       DATA_OUT (PAD)
  Source Clock:      CLOCK rising

  Data Path: ARITH_Mmult__n00001_inst_mult_2 to DATA_OUT
                                Gate     Net
    Cell:in->out      fanout   Delay   Delay  Logical Name (Net Name)
    ----------------------------------------  ------------
     MULT18X18S:C->P24     3   1.976   0.701  ARITH_Mmult__n00001_inst_mult_2 (ARITH_PRODUCT<24>)
     LUT2_L:I1->LO         1   0.347   0.000  ARITH_ARITHMETIC_UNIT_RESULT_OUT1<14>lut (ARITH_N55)
     MUXCY:S->O            0   0.235   0.000  ARITH_ARITHMETIC_UNIT_RESULT_OUT1<14>cy (ARITH_ARITHMETIC_UNIT_RESULT_OUT1<14>_cyo)
     XORCY:CI->O           3   0.824   0.701  ARITH_ARITHMETIC_UNIT_RESULT_OUT1<15>_xor (ARITHMETIC_UNIT_RESULT_OUT1<15>)
     LUT2_L:I1->LO         1   0.347   0.000  XNor_stagelut15 (N17)
     MUXCY:S->O           71   0.794   1.044  XNor_stagecy_rn_14 (OUTPUT__n0001)
     LUT2_D:I1->O          2   0.347   0.518  DATA_OUT1 (DATA_OUT_OBUF)
     OBUF:I->O                 3.743          DATA_OUT_OBUF (DATA_OUT)
    ----------------------------------------
    Total                     11.576ns (8.613ns logic, 2.963ns route)
                                       (74.4% logic, 25.6% route)

=========================================================================
CPU : 27.55 / 29.98 s | Elapsed : 28.00 / 30.00 s
 
--> 

Total memory usage is 109820 kilobytes

Number of errors   :    0 (   0 filtered)
Number of warnings :   18 (   0 filtered)
Number of infos    :    4 (   0 filtered)

